<?xml version="1.0" encoding="UTF-8"?>
<!-- Generated by org.testng.reporters.JUnitReportReporter -->
<testsuite skipped="0" hostname="sys" name="com.couponToPay.Store.StoreTesting" tests="1" failures="0" timestamp="28 Jan 2018 10:46:26 GMT" time="21.400" errors="0">
  <testcase name="test1" time="21.400" classname="com.couponToPay.Store.StoreTesting"/>
</testsuite> <!-- com.couponToPay.Store.StoreTesting -->
